<?xml version="1.0" encoding="UTF-8"?>
<!-- Generated by org.testng.reporters.JUnitReportReporter -->
<testsuite name="TestCase.CapturScreenshot" tests="1" time="19.598" ignored="0" failures="0" timestamp="31 Jan 2019 07:28:57 GMT" skipped="0" hostname="DESKTOP-C80OOLD" errors="0">
  <testcase name="CaptureScreenshot" time="19.598" classname="TestCase.CapturScreenshot"/>
</testsuite> <!-- TestCase.CapturScreenshot -->
